2016-08-31 14:18:48 pid:45456 Workerman[start.php] start in DAEMON mode
2016-08-31 14:36:50 pid:45627 Workerman[start.php] stop 
2016-08-31 14:36:50 pid:45627 Workerman[start.php] is stoping ...
2016-08-31 14:36:50 pid:45458 Workerman[start.php] Stopping ...
2016-08-31 14:36:50 pid:45458 Workerman[start.php] has been stopped
2016-08-31 14:36:50 pid:45627 Workerman[start.php] stop success
2016-08-31 16:09:06 pid:46212 Workerman[start.php] start in DAEMON mode
2016-08-31 16:09:55 pid:46246 Workerman[start.php] stop 
2016-08-31 16:09:55 pid:46246 Workerman[start.php] not run
2016-08-31 16:10:18 pid:46251 Workerman[start.php] start in DAEMON mode
2016-08-31 16:10:25 pid:46254 Workerman[start.php] start in DEBUG mode
2016-08-31 16:19:53 pid:46424 Workerman[start.php] start in DAEMON mode
2016-09-12 09:53:47 pid:8182 Workerman[start.php] start in DAEMON mode
2016-09-12 09:55:40 pid:8202 Workerman[start.php] stop 
2016-09-12 09:55:40 pid:8202 Workerman[start.php] is stoping ...
2016-09-12 09:55:40 pid:8184 Workerman[start.php] Stopping ...
2016-09-12 09:55:40 pid:8184 Workerman[start.php] has been stopped
2016-09-12 09:55:40 pid:8202 Workerman[start.php] stop success
2016-09-12 11:24:02 pid:8378 Workerman[start.php] start in DAEMON mode
2016-09-12 11:56:49 pid:8431 Workerman[start.php] stop 
2016-09-12 11:56:49 pid:8431 Workerman[start.php] is stoping ...
2016-09-12 11:56:49 pid:8380 Workerman[start.php] Stopping ...
2016-09-12 11:56:49 pid:8380 Workerman[start.php] has been stopped
2016-09-12 11:56:49 pid:8431 Workerman[start.php] stop success
2016-09-13 14:16:35 pid:9945 Workerman[start.php] start in DEBUG mode
2016-09-13 14:17:03 pid:9945 Workerman[start.php] Stopping ...
2016-09-13 14:17:03 pid:9945 Workerman[start.php] has been stopped
2016-09-13 14:17:09 pid:9969 Workerman[start.php] start in DEBUG mode
2016-09-13 14:17:14 pid:9969 Workerman[start.php] Stopping ...
2016-09-13 14:17:14 pid:9969 Workerman[start.php] has been stopped
2016-09-13 14:17:19 pid:9982 Workerman[start.php] stop 
2016-09-13 14:17:19 pid:9982 Workerman[start.php] not run
2016-09-13 14:58:39 pid:10137 Workerman[start.php] start in DEBUG mode
2016-09-13 15:05:36 pid:10137 Workerman[start.php] Stopping ...
2016-09-13 15:05:36 pid:10137 Workerman[start.php] has been stopped
2016-09-13 15:05:41 pid:10224 Workerman[start.php] start in DEBUG mode
2016-09-13 15:05:57 pid:10224 Workerman[start.php] Stopping ...
2016-09-13 15:05:57 pid:10224 Workerman[start.php] has been stopped
2016-09-13 15:07:47 pid:10255 Workerman[start.php] start in DEBUG mode
2016-09-13 15:08:00 pid:10255 Workerman[start.php] Stopping ...
2016-09-13 15:08:00 pid:10255 Workerman[start.php] has been stopped
2016-09-13 15:09:42 pid:10315 Workerman[start.php] start in DEBUG mode
2016-09-13 15:14:09 pid:10315 Workerman[start.php] Stopping ...
2016-09-13 15:14:09 pid:10315 Workerman[start.php] has been stopped
2016-09-13 15:17:02 pid:10349 Workerman[start.php] start in DEBUG mode
2016-09-13 15:17:46 pid:10349 Workerman[start.php] Stopping ...
2016-09-13 15:17:46 pid:10349 Workerman[start.php] has been stopped
2016-09-13 15:37:03 pid:10477 Workerman[start.php] start in DEBUG mode
2016-09-13 15:37:25 pid:10477 Workerman[start.php] Stopping ...
2016-09-13 15:37:26 pid:10477 Workerman[start.php] has been stopped
2016-09-13 15:37:27 pid:10516 Workerman[start.php] start in DEBUG mode
2016-09-13 16:17:29 pid:10516 Workerman[start.php] Stopping ...
2016-09-13 16:17:29 pid:10516 Workerman[start.php] has been stopped
2016-09-13 16:17:31 pid:10626 Workerman[start.php] start in DEBUG mode
2016-09-13 16:51:58 pid:10626 Workerman[start.php] Stopping ...
2016-09-13 16:51:58 pid:10626 Workerman[start.php] has been stopped
2016-09-13 16:52:00 pid:10822 Workerman[start.php] start in DEBUG mode
2016-09-13 16:56:36 pid:10822 Workerman[start.php] Stopping ...
2016-09-13 16:56:36 pid:10822 Workerman[start.php] has been stopped
2016-09-13 16:56:41 pid:10865 Workerman[start.php] start in DEBUG mode
2016-09-14 15:02:53 pid:10865 Workerman[start.php] Stopping ...
2016-09-14 15:02:53 pid:10865 Workerman[start.php] has been stopped
2016-09-14 15:02:56 pid:11844 Workerman[start.php] start in DEBUG mode
2016-09-14 15:03:08 pid:11844 Workerman[start.php] Stopping ...
2016-09-14 15:03:08 pid:11844 Workerman[start.php] has been stopped
2016-09-14 15:13:52 pid:11902 Workerman[start.php] start in DEBUG mode
2016-09-14 15:14:03 pid:11902 Workerman[start.php] Stopping ...
2016-09-14 15:14:03 pid:11902 Workerman[start.php] has been stopped
2016-09-19 09:41:45 pid:14938 Workerman[start.php] start in DEBUG mode
2016-09-19 09:52:06 pid:14972 Workerman[start.php] start in DEBUG mode
2016-09-19 09:52:08 pid:14972 Workerman[start.php] Stopping ...
2016-09-19 09:52:08 pid:14972 Workerman[start.php] has been stopped
